{"level":"info","message":"Connected to MongoDB Atlas","timestamp":"2023-05-24T12:30:48.822Z"}
{"level":"info","message":"Connected to MongoDB Atlas","timestamp":"2023-05-24T12:36:12.028Z"}
{"level":"info","message":"password is valid ","timestamp":"2023-05-24T12:43:27.425Z"}
{"level":"info","message":"Connected to MongoDB Atlas","timestamp":"2023-05-24T12:43:39.214Z"}
{"level":"info","message":"password is valid ","timestamp":"2023-05-24T13:20:05.027Z"}
{"level":"info","message":"6450a84785736331d32f624d","timestamp":"2023-05-24T14:08:58.892Z"}
{"level":"info","message":"Document deleted successfully","timestamp":"2023-05-24T14:08:58.921Z"}
{"level":"info","message":"Connected to MongoDB Atlas","timestamp":"2023-05-24T14:22:00.217Z"}
{"level":"info","message":"Error retrieving document","timestamp":"2023-05-24T14:45:33.758Z"}
{"level":"info","message":"Error retrieving document","timestamp":"2023-05-24T14:46:38.387Z"}
{"level":"info","message":"Error retrieving document","timestamp":"2023-05-24T14:50:36.725Z"}
{"level":"info","message":"Error retrieving document","timestamp":"2023-05-24T14:51:26.054Z"}
{"level":"info","message":"Error retrieving document","timestamp":"2023-05-24T14:52:00.623Z"}
{"level":"info","message":"Error retrieving document","timestamp":"2023-05-24T14:52:07.170Z"}
{"level":"info","message":"Error retrieving document","timestamp":"2023-05-24T14:52:19.581Z"}
{"level":"info","message":"Error retrieving document","timestamp":"2023-05-24T14:52:34.228Z"}
{"level":"info","message":"Error retrieving document","timestamp":"2023-05-24T14:52:42.809Z"}
{"level":"info","message":"Error retrieving document","timestamp":"2023-05-24T14:52:56.724Z"}
{"level":"info","message":"Error retrieving document","timestamp":"2023-05-24T14:56:06.020Z"}
{"level":"info","message":"Error retrieving document","timestamp":"2023-05-24T14:57:26.613Z"}
{"level":"info","message":"6450c5decc62922f1c90d557","timestamp":"2023-05-24T15:00:41.318Z"}
{"level":"info","message":"Document deleted successfully","timestamp":"2023-05-24T15:00:41.344Z"}
