{"level":"info","message":"Connected to MongoDB Atlas","timestamp":"2023-05-23T12:25:36.976Z"}
{"level":"error","timestamp":"2023-05-23T12:27:19.483Z"}
{"level":"info","message":"Error getting document","timestamp":"2023-05-23T12:27:19.486Z"}
{"level":"info","message":"get by Name","timestamp":"2023-05-23T12:35:28.725Z"}
{"level":"info","message":"userName = rahul","timestamp":"2023-05-23T12:35:28.726Z"}
{"level":"error","timestamp":"2023-05-23T12:36:52.952Z"}
{"level":"info","message":"Error getting document","timestamp":"2023-05-23T12:36:52.953Z"}
{"level":"error","timestamp":"2023-05-23T12:37:28.795Z"}
{"level":"info","message":"Error getting document","timestamp":"2023-05-23T12:37:28.797Z"}
{"level":"info","message":"Connected to MongoDB Atlas","timestamp":"2023-05-23T12:37:35.859Z"}
{"level":"error","timestamp":"2023-05-23T12:37:47.146Z"}
{"level":"info","message":"Error getting document","timestamp":"2023-05-23T12:37:47.148Z"}
{"level":"info","message":"Connected to MongoDB Atlas","timestamp":"2023-05-23T12:43:15.361Z"}
{"level":"error","timestamp":"2023-05-23T12:43:35.367Z"}
{"level":"info","message":"Error getting document","timestamp":"2023-05-23T12:43:35.369Z"}
{"level":"info","message":"Server started on port 3001","timestamp":"2023-05-23T12:46:57.003Z"}
{"level":"info","message":"Connected to MongoDB Atlas","timestamp":"2023-05-23T12:46:57.562Z"}
{"level":"info","message":"password is valid ","timestamp":"2023-05-23T12:47:04.984Z"}
{"level":"info","message":"get by Age","timestamp":"2023-05-23T12:47:42.798Z"}
{"level":"info","message":"userAge = 12","timestamp":"2023-05-23T12:47:42.799Z"}
{"level":"info","message":"password is valid ","timestamp":"2023-05-23T12:52:10.492Z"}
{"level":"info","message":"Connected to MongoDB Atlas","timestamp":"2023-05-23T12:54:10.051Z"}
{"level":"error","timestamp":"2023-05-23T12:54:17.167Z"}
{"level":"info","message":"Error getting document","timestamp":"2023-05-23T12:54:17.169Z"}
{"level":"info","message":"Connected to MongoDB Atlas","timestamp":"2023-05-23T12:57:49.601Z"}
{"level":"error","timestamp":"2023-05-23T12:57:55.276Z"}
{"level":"info","message":"Error getting document","timestamp":"2023-05-23T12:57:55.280Z"}
{"level":"error","timestamp":"2023-05-23T13:01:39.628Z"}
{"level":"info","message":"Error getting document","timestamp":"2023-05-23T13:01:39.630Z"}
{"level":"info","message":"Connected to MongoDB Atlas","timestamp":"2023-05-23T13:02:48.823Z"}
{"level":"error","timestamp":"2023-05-23T13:02:55.303Z"}
{"level":"info","message":"Error getting document","timestamp":"2023-05-23T13:02:55.305Z"}
{"code":"ECONNREFUSED","hostname":"_mongodb._tcp.cluster0.ixfsgzn.mongodb.net","level":"error","syscall":"querySrv","timestamp":"2023-05-23T13:04:37.852Z"}
{"code":"ECONNREFUSED","hostname":"_mongodb._tcp.cluster0.ixfsgzn.mongodb.net","level":"error","syscall":"querySrv","timestamp":"2023-05-23T13:04:42.981Z"}
{"level":"info","message":"Connected to MongoDB Atlas","timestamp":"2023-05-23T13:05:13.375Z"}
{"level":"error","timestamp":"2023-05-23T13:05:21.600Z"}
{"level":"info","message":"Error getting document","timestamp":"2023-05-23T13:05:21.603Z"}
{"level":"info","message":"Connected to MongoDB Atlas","timestamp":"2023-05-23T13:06:11.501Z"}
{"level":"error","timestamp":"2023-05-23T13:06:21.729Z"}
{"level":"info","message":"Error getting document","timestamp":"2023-05-23T13:06:21.733Z"}
{"code":"ECONNREFUSED","hostname":"_mongodb._tcp.cluster0.ixfsgzn.mongodb.net","level":"error","syscall":"querySrv","timestamp":"2023-05-23T13:07:23.821Z"}
{"code":"ETIMEOUT","hostname":"_mongodb._tcp.cluster0.ixfsgzn.mongodb.net","level":"error","syscall":"querySrv","timestamp":"2023-05-23T13:07:48.338Z"}
{"level":"error","timestamp":"2023-05-23T13:09:12.831Z"}
{"level":"error","timestamp":"2023-05-23T13:10:22.953Z"}
{"level":"info","message":"Server started on port 3001","timestamp":"2023-05-23T13:10:38.284Z"}
{"level":"error","timestamp":"2023-05-23T13:10:38.577Z"}
{"level":"info","message":"Connected to MongoDB Atlas","timestamp":"2023-05-23T13:11:11.230Z"}
{"level":"info","message":"Connected to MongoDB Atlas","timestamp":"2023-05-23T13:13:35.073Z"}
{"level":"error","timestamp":"2023-05-23T13:13:39.819Z"}
{"level":"info","message":"Error getting document","timestamp":"2023-05-23T13:13:39.823Z"}
{"code":"ECONNREFUSED","hostname":"_mongodb._tcp.cluster0.ixfsgzn.mongodb.net","level":"error","syscall":"querySrv","timestamp":"2023-05-23T13:14:45.570Z"}
{"level":"info","message":"Connected to MongoDB Atlas","timestamp":"2023-05-23T13:14:59.778Z"}
{"level":"error","timestamp":"2023-05-23T13:15:08.937Z"}
{"level":"info","message":"Error getting document","timestamp":"2023-05-23T13:15:08.939Z"}
{"level":"info","message":"Connected to MongoDB Atlas","timestamp":"2023-05-23T13:17:02.758Z"}
{"level":"info","message":"password is valid ","timestamp":"2023-05-23T13:17:09.670Z"}
{"level":"error","timestamp":"2023-05-23T13:17:10.224Z"}
{"level":"info","message":"Error retrieving documents","timestamp":"2023-05-23T13:17:10.225Z"}
{"level":"error","timestamp":"2023-05-23T13:17:16.839Z"}
{"level":"info","message":"Error retrieving documents","timestamp":"2023-05-23T13:17:16.841Z"}
{"level":"error","timestamp":"2023-05-23T13:17:36.846Z"}
{"level":"info","message":"Error retrieving documents","timestamp":"2023-05-23T13:17:36.847Z"}
{"level":"info","message":"Connected to MongoDB Atlas","timestamp":"2023-05-23T13:19:05.084Z"}
{"level":"error","timestamp":"2023-05-23T13:19:21.771Z"}
{"level":"info","message":"Error getting document","timestamp":"2023-05-23T13:19:21.773Z"}
{"level":"info","message":"Connected to MongoDB Atlas","timestamp":"2023-05-23T13:20:01.583Z"}
{"level":"error","timestamp":"2023-05-23T13:20:08.855Z"}
{"level":"info","message":"Error getting document","timestamp":"2023-05-23T13:20:08.857Z"}
{"level":"info","message":"Connected to MongoDB Atlas","timestamp":"2023-05-23T13:20:51.054Z"}
{"level":"error","timestamp":"2023-05-23T13:20:55.100Z"}
{"level":"info","message":"Error getting document","timestamp":"2023-05-23T13:20:55.103Z"}
{"level":"info","message":"Connected to MongoDB Atlas","timestamp":"2023-05-23T13:23:12.935Z"}
{"level":"info","message":"password is valid ","timestamp":"2023-05-23T13:23:23.089Z"}
{"level":"error","timestamp":"2023-05-23T13:23:23.564Z"}
{"level":"info","message":"Error retrieving documents","timestamp":"2023-05-23T13:23:23.566Z"}
{"level":"error","timestamp":"2023-05-23T13:23:43.572Z"}
{"level":"info","message":"Error retrieving documents","timestamp":"2023-05-23T13:23:43.573Z"}
{"level":"error","timestamp":"2023-05-23T13:23:55.125Z"}
{"level":"info","message":"Error retrieving documents","timestamp":"2023-05-23T13:23:55.127Z"}
{"level":"error","timestamp":"2023-05-23T13:24:15.131Z"}
{"level":"info","message":"Error retrieving documents","timestamp":"2023-05-23T13:24:15.132Z"}
{"level":"error","timestamp":"2023-05-23T13:24:39.594Z"}
{"level":"error","timestamp":"2023-05-23T13:25:09.627Z"}
{"level":"info","message":"Connected to MongoDB Atlas","timestamp":"2023-05-23T13:25:26.736Z"}
{"level":"info","message":"password is valid ","timestamp":"2023-05-23T13:25:29.075Z"}
{"level":"error","timestamp":"2023-05-23T13:25:29.224Z"}
{"level":"info","message":"Error retrieving documents","timestamp":"2023-05-23T13:25:29.226Z"}
{"level":"error","timestamp":"2023-05-23T13:25:49.241Z"}
{"level":"info","message":"Error retrieving documents","timestamp":"2023-05-23T13:25:49.241Z"}
{"level":"error","timestamp":"2023-05-23T13:26:31.513Z"}
{"level":"info","message":"Error retrieving documents","timestamp":"2023-05-23T13:26:31.516Z"}
{"level":"info","message":"Connected to MongoDB Atlas","timestamp":"2023-05-23T13:26:31.795Z"}
{"level":"info","message":"Connected to MongoDB Atlas","timestamp":"2023-05-23T13:27:36.974Z"}
{"level":"info","message":"get by Name","timestamp":"2023-05-23T13:27:44.302Z"}
{"level":"info","message":"userName = rahul","timestamp":"2023-05-23T13:27:44.303Z"}
{"level":"info","message":{"acknowledged":true,"insertedId":"646cbf54a77db4ae4120daa0"},"timestamp":"2023-05-23T13:27:48.594Z"}
