{"level":"info","message":"Server started on port 3001","timestamp":"2023-05-22T06:58:24.387Z"}
{"level":"info","message":"Connected to MongoDB Atlas","timestamp":"2023-05-22T06:58:24.923Z"}
{"level":"info","message":"Connected to MongoDB Atlas","timestamp":"2023-05-22T06:58:24.924Z"}
{"level":"info","message":"Server started on port 3001","timestamp":"2023-05-22T07:21:34.769Z"}
{"level":"info","message":"Connected to MongoDB Atlas","timestamp":"2023-05-22T07:21:35.227Z"}
{"level":"info","message":"Connected to MongoDB Atlas","timestamp":"2023-05-22T07:21:35.229Z"}
{"level":"info","message":"Server started on port 3001","timestamp":"2023-05-22T07:58:13.928Z"}
{"level":"info","message":"Connected to MongoDB Atlas","timestamp":"2023-05-22T07:58:14.296Z"}
{"level":"info","message":"Connected to MongoDB Atlas","timestamp":"2023-05-22T07:58:14.297Z"}
{"level":"info","message":"Server started on port 3001","timestamp":"2023-05-22T08:10:26.441Z"}
{"level":"info","message":"Connected to MongoDB Atlas","timestamp":"2023-05-22T08:10:26.735Z"}
{"level":"info","message":"Connected to MongoDB Atlas","timestamp":"2023-05-22T08:11:15.974Z"}
{"level":"info","message":"Connected to MongoDB Atlas","timestamp":"2023-05-22T08:12:21.254Z"}
{"level":"info","message":"Connected to MongoDB Atlas","timestamp":"2023-05-22T08:12:23.500Z"}
{"level":"info","message":"Server started on port 3001","timestamp":"2023-05-22T08:14:31.430Z"}
{"level":"info","message":"Connected to MongoDB Atlas","timestamp":"2023-05-22T08:14:32.814Z"}
{"level":"info","message":"Connected to MongoDB Atlas","timestamp":"2023-05-22T08:14:39.766Z"}
{"level":"info","message":"Connected to MongoDB Atlas","timestamp":"2023-05-22T10:46:22.886Z"}
{"level":"error","timestamp":"2023-05-22T10:46:40.965Z"}
{"level":"info","message":"Error retrieving documents","timestamp":"2023-05-22T10:46:40.966Z"}
{"level":"error","timestamp":"2023-05-22T10:47:45.352Z"}
{"level":"info","message":"Error retrieving documents","timestamp":"2023-05-22T10:47:45.352Z"}
{"level":"error","timestamp":"2023-05-22T10:48:18.154Z"}
{"level":"info","message":"Error retrieving documents","timestamp":"2023-05-22T10:48:18.154Z"}
{"level":"error","timestamp":"2023-05-22T10:49:35.191Z"}
{"level":"info","message":"Error retrieving documents","timestamp":"2023-05-22T10:49:35.191Z"}
{"level":"error","timestamp":"2023-05-22T10:53:09.602Z"}
{"level":"info","message":"Error retrieving documents","timestamp":"2023-05-22T10:53:09.602Z"}
{"level":"error","timestamp":"2023-05-22T10:54:14.184Z"}
{"level":"info","message":"Error retrieving documents","timestamp":"2023-05-22T10:54:14.185Z"}
{"level":"info","message":"Server started on port 3001","timestamp":"2023-05-22T10:59:53.519Z"}
{"level":"info","message":"Connected to MongoDB Atlas","timestamp":"2023-05-22T10:59:54.097Z"}
{"level":"info","message":"Server started on port 3001","timestamp":"2023-05-22T11:03:58.221Z"}
{"level":"info","message":"Connected to MongoDB Atlas","timestamp":"2023-05-22T11:03:58.704Z"}
{"level":"info","message":"Server started on port 3001","timestamp":"2023-05-22T11:08:57.175Z"}
{"level":"info","message":"Connected to MongoDB Atlas","timestamp":"2023-05-22T11:08:57.584Z"}
{"level":"info","message":"Connected to MongoDB Atlas","timestamp":"2023-05-22T11:12:03.342Z"}
{"level":"info","message":"Connected to MongoDB Atlas","timestamp":"2023-05-22T11:43:42.939Z"}
{"level":"info","message":"get by Name","timestamp":"2023-05-22T12:06:10.841Z"}
{"level":"info","message":"userName = rahul","timestamp":"2023-05-22T12:06:10.844Z"}
{"level":"info","message":"get by Age","timestamp":"2023-05-22T12:06:37.719Z"}
{"level":"info","message":"userAge = 8","timestamp":"2023-05-22T12:06:37.719Z"}
{"level":"info","message":"64549923fbb77d6c32503b9e","timestamp":"2023-05-22T12:11:28.447Z"}
{"level":"info","message":"Document deleted successfully","timestamp":"2023-05-22T12:11:28.500Z"}
{"level":"info","message":"64511c97331bb3a67e4ea496","timestamp":"2023-05-22T12:13:23.699Z"}
{"level":"info","message":"Document deleted successfully","timestamp":"2023-05-22T12:13:23.730Z"}
{"level":"info","message":"jyhg","timestamp":"2023-05-22T12:14:17.192Z"}
{"level":"info","message":"Document deleted successfully","timestamp":"2023-05-22T12:14:17.218Z"}
{"level":"info","message":"Connected to MongoDB Atlas","timestamp":"2023-05-22T12:27:47.729Z"}
{"level":"info","message":{"acknowledged":true,"insertedId":"646b5fc8e4f70ea2f47dfee8"},"timestamp":"2023-05-22T12:27:52.135Z"}
{"level":"info","message":"Connected to MongoDB Atlas","timestamp":"2023-05-22T12:31:44.958Z"}
{"level":"info","message":"Connected to MongoDB Atlas","timestamp":"2023-05-22T12:34:52.627Z"}
{"level":"info","message":"Connected to MongoDB Atlas","timestamp":"2023-05-22T12:38:32.948Z"}
{"level":"info","message":"Connected to MongoDB Atlas","timestamp":"2023-05-22T12:40:21.723Z"}
{"level":"info","message":"Connected to MongoDB Atlas","timestamp":"2023-05-22T12:41:23.167Z"}
{"level":"info","message":"Connected to MongoDB Atlas","timestamp":"2023-05-22T12:41:27.029Z"}
{"level":"error","timestamp":"2023-05-22T12:41:43.066Z"}
{"level":"info","message":"Error getting document","timestamp":"2023-05-22T12:41:43.067Z"}
{"level":"error","timestamp":"2023-05-22T12:46:00.741Z"}
{"level":"info","message":"Error getting document","timestamp":"2023-05-22T12:46:00.742Z"}
{"level":"info","message":"Connected to MongoDB Atlas","timestamp":"2023-05-22T13:49:15.507Z"}
{"level":"info","message":"Connected to MongoDB Atlas","timestamp":"2023-05-22T13:54:32.085Z"}
{"level":"info","message":"Connected to MongoDB Atlas","timestamp":"2023-05-22T13:55:23.237Z"}
{"level":"info","message":"Connected to MongoDB Atlas","timestamp":"2023-05-22T13:58:54.267Z"}
{"level":"info","message":"Connected to MongoDB Atlas","timestamp":"2023-05-22T14:09:26.365Z"}
{"level":"info","message":"Connected to MongoDB Atlas","timestamp":"2023-05-22T14:10:41.667Z"}
{"level":"error","timestamp":"2023-05-22T14:12:43.261Z"}
{"level":"info","message":"Error getting document","timestamp":"2023-05-22T14:12:43.264Z"}
{"level":"info","message":"Connected to MongoDB Atlas","timestamp":"2023-05-22T14:15:07.107Z"}
{"level":"info","message":"Connected to MongoDB Atlas","timestamp":"2023-05-22T14:25:58.058Z"}
{"level":"info","message":"Connected to MongoDB Atlas","timestamp":"2023-05-22T14:29:03.320Z"}
{"level":"info","message":"Connected to MongoDB Atlas","timestamp":"2023-05-22T14:36:51.336Z"}
{"level":"info","message":"Connected to MongoDB Atlas","timestamp":"2023-05-22T14:38:39.928Z"}
{"level":"info","message":"Connected to MongoDB Atlas","timestamp":"2023-05-22T14:43:30.165Z"}
{"level":"info","message":"Connected to MongoDB Atlas","timestamp":"2023-05-22T14:43:47.770Z"}
{"level":"info","message":"Connected to MongoDB Atlas","timestamp":"2023-05-22T14:44:07.481Z"}
{"level":"info","message":"Connected to MongoDB Atlas","timestamp":"2023-05-22T14:56:01.878Z"}
{"code":"ECONNREFUSED","hostname":"_mongodb._tcp.cluster0.ixfsgzn.mongodb.net","level":"error","syscall":"querySrv","timestamp":"2023-05-22T14:57:16.427Z"}
{"level":"info","message":"Connected to MongoDB Atlas","timestamp":"2023-05-22T14:57:28.579Z"}
{"level":"info","message":"Connected to MongoDB Atlas","timestamp":"2023-05-22T15:05:13.602Z"}
